Using pre-set license
Built from '2021.1/staging' branch; Version is '2021.1.15f1 (e767a7370072) revision 15165351'; Using compiler version '192528614'; Build Type 'Release'
OS: 'Windows 10 Home Single Language; OS build 19042.1288; Version 2009; 64bit' Language: 'es' Physical Memory: 5062 MB
BatchMode: 1, IsHumanControllingUs: 0, StartBugReporterOnCrash: 0, Is64bit: 1, IsPro: 0

 COMMAND LINE ARGUMENTS:
C:\Program Files\Unity\Hub\Editor\2021.1.15f1\Editor\Unity.exe
-adb2
-batchMode
-noUpm
-name
AssetImportWorker11
-projectPath
C:/Users/USER AUTORIZED/Pictures/6 semestre/PROGRAMACION/Mmegan Prueba
-logFile
Logs/AssetImportWorker11.log
-srvPort
64219
Successfully changed project path to: C:/Users/USER AUTORIZED/Pictures/6 semestre/PROGRAMACION/Mmegan Prueba
C:/Users/USER AUTORIZED/Pictures/6 semestre/PROGRAMACION/Mmegan Prueba
Using Asset Import Pipeline V2.
Refreshing native plugins compatible for Editor in 562.79 ms, found 4 plugins.
Preloading 0 native plugins for Editor in 0.00 ms.
Initialize engine version: 2021.1.15f1 (e767a7370072)
[Subsystems] Discovering subsystems at path C:/Program Files/Unity/Hub/Editor/2021.1.15f1/Editor/Data/Resources/UnitySubsystems
[Subsystems] Discovering subsystems at path C:/Users/USER AUTORIZED/Pictures/6 semestre/PROGRAMACION/Mmegan Prueba/Assets
GfxDevice: creating device client; threaded=0; jobified=0
Direct3D:
    Version:  Direct3D 11.0 [level 11.1]
    Renderer: AMD Radeon(TM) R5 Graphics (ID=0x9851)
    Vendor:   ATI
    VRAM:     1007 MB
    Driver:   15.201.2901.0
Initialize mono
Mono path[0] = 'C:/Program Files/Unity/Hub/Editor/2021.1.15f1/Editor/Data/Managed'
Mono path[1] = 'C:/Program Files/Unity/Hub/Editor/2021.1.15f1/Editor/Data/MonoBleedingEdge/lib/mono/unityjit'
Mono config path = 'C:/Program Files/Unity/Hub/Editor/2021.1.15f1/Editor/Data/MonoBleedingEdge/etc'
Using monoOptions --debugger-agent=transport=dt_socket,embedding=1,server=y,suspend=n,address=127.0.0.1:56056
Begin MonoManager ReloadAssembly
Registering precompiled unity dll's ...
Register platform support module: C:/Program Files/Unity/Hub/Editor/2021.1.15f1/Editor/Data/PlaybackEngines/WebGLSupport/UnityEditor.WebGL.Extensions.dll
Register platform support module: C:/Program Files/Unity/Hub/Editor/2021.1.15f1/Editor/Data/PlaybackEngines/WindowsStandaloneSupport/UnityEditor.WindowsStandalone.Extensions.dll
Registered in 0.007246 seconds.
Native extension for WindowsStandalone target not found
Native extension for WebGL target not found
Refreshing native plugins compatible for Editor in 371.37 ms, found 4 plugins.
Preloading 0 native plugins for Editor in 0.00 ms.
Mono: successfully reloaded assembly
- Completed reload, in  5.150 seconds
Domain Reload Profiling:
	ReloadAssembly (5151ms)
		BeginReloadAssembly (254ms)
			ExecutionOrderSort (0ms)
			DisableScriptedObjects (0ms)
			BackupInstance (0ms)
			ReleaseScriptingObjects (0ms)
			CreateAndSetChildDomain (2ms)
		EndReloadAssembly (1998ms)
			LoadAssemblies (247ms)
			RebuildTransferFunctionScriptingTraits (0ms)
			SetupTypeCache (652ms)
			ReleaseScriptCaches (0ms)
			RebuildScriptCaches (122ms)
			SetupLoadedEditorAssemblies (1063ms)
				LogAssemblyErrors (0ms)
				InitializePlatformSupportModulesInManaged (23ms)
				SetLoadedEditorAssemblies (1ms)
				RefreshPlugins (372ms)
				BeforeProcessingInitializeOnLoad (4ms)
				ProcessInitializeOnLoadAttributes (452ms)
				ProcessInitializeOnLoadMethodAttributes (211ms)
				AfterProcessingInitializeOnLoad (0ms)
				EditorAssembliesLoaded (1ms)
			ExecutionOrderSort2 (0ms)
			AwakeInstancesAfterBackupRestoration (0ms)
Platform modules already initialized, skipping
Registering precompiled user dll's ...
Registered in 0.027464 seconds.
Begin MonoManager ReloadAssembly
Symbol file LoadedFromMemory doesn't match image C:\Users\USER AUTORIZED\Pictures\6 semestre\PROGRAMACION\Mmegan Prueba\Library\PackageCache\com.unity.visualscripting@1.6.1\Editor\VisualScripting.Core\Dependencies\YamlDotNet\Unity.VisualScripting.YamlDotNet.dll
Symbol file LoadedFromMemory doesn't match image C:\Users\USER AUTORIZED\Pictures\6 semestre\PROGRAMACION\Mmegan Prueba\Library\PackageCache\com.unity.visualscripting@1.6.1\Editor\VisualScripting.Core\Dependencies\DotNetZip\Unity.VisualScripting.IonicZip.dll
Native extension for WindowsStandalone target not found
Native extension for WebGL target not found
Refreshing native plugins compatible for Editor in 460.11 ms, found 4 plugins.
Preloading 0 native plugins for Editor in 0.00 ms.
Mono: successfully reloaded assembly
- Completed reload, in 10.030 seconds
Domain Reload Profiling:
	ReloadAssembly (10034ms)
		BeginReloadAssembly (573ms)
			ExecutionOrderSort (0ms)
			DisableScriptedObjects (27ms)
			BackupInstance (0ms)
			ReleaseScriptingObjects (0ms)
			CreateAndSetChildDomain (62ms)
		EndReloadAssembly (9215ms)
			LoadAssemblies (4890ms)
			RebuildTransferFunctionScriptingTraits (0ms)
			SetupTypeCache (1704ms)
			ReleaseScriptCaches (2ms)
			RebuildScriptCaches (206ms)
			SetupLoadedEditorAssemblies (1797ms)
				LogAssemblyErrors (0ms)
				InitializePlatformSupportModulesInManaged (18ms)
				SetLoadedEditorAssemblies (1ms)
				RefreshPlugins (460ms)
				BeforeProcessingInitializeOnLoad (314ms)
				ProcessInitializeOnLoadAttributes (923ms)
				ProcessInitializeOnLoadMethodAttributes (61ms)
				AfterProcessingInitializeOnLoad (20ms)
				EditorAssembliesLoaded (1ms)
			ExecutionOrderSort2 (0ms)
			AwakeInstancesAfterBackupRestoration (23ms)
Platform modules already initialized, skipping
========================================================================
Worker process is ready to serve import requests
Launched and connected shader compiler UnityShaderCompiler.exe after 0.63 seconds
Refreshing native plugins compatible for Editor in 2.24 ms, found 4 plugins.
Preloading 0 native plugins for Editor in 0.00 ms.
Unloading 3671 Unused Serialized files (Serialized files now loaded: 0)
System memory in use before: 136.3 MB.
System memory in use after: 136.4 MB.

Unloading 37 unused Assets to reduce memory usage. Loaded Objects now: 4115.
Total: 15.733900 ms (FindLiveObjects: 1.363600 ms CreateObjectMapping: 0.798700 ms MarkObjects: 11.771900 ms  DeleteObjects: 1.792600 ms)

AssetImportParameters requested are different than current active one (requested -> active):
  custom:framework-win-MediaFoundation: 216162199b28c13a410421893ffa2e32 -> 
  custom:video-decoder-ogg-theora: a1e56fd34408186e4bbccfd4996cb3dc -> 
  custom:container-muxer-webm: aa71ff27fc2769a1b78a27578f13a17b -> 
  custom:container-demuxer-webm: 4f35f7cbe854078d1ac9338744f61a02 -> 
  custom:container-demuxer-ogg: 62fdf1f143b41e24485cea50d1cbac27 -> 
  custom:video-encoder-webm-vp8: eb34c28f22e8b96e1ab97ce403110664 -> 
  custom:video-decoder-webm-vp8: 9c59270c3fd7afecdb556c50c9e8de78 -> 
  custom:audio-decoder-ogg-vorbis: bf7c407c2cedff20999df2af8eb42d56 -> 
  custom:audio-encoder-webm-vorbis: bf7c407c2cedff20999df2af8eb42d56 -> 
========================================================================
Received Import Request.
  path: Assets/imagenes/disparo.png
  artifactKey: Guid(fb52e18fa736f204ebae0e1e80271f0b) Importer(815301076,1909f56bfc062723c751e8b465ee728b)
Start importing Assets/imagenes/disparo.png using Guid(fb52e18fa736f204ebae0e1e80271f0b) Importer(815301076,1909f56bfc062723c751e8b465ee728b)  -> (artifact id: 'c4d8607387691fb1e7590d67bfcb1eb4') in 2.060281 seconds 
========================================================================
Received Import Request.
  Time since last request: 0.000784 seconds.
  path: Assets/Scenes/SampleScene.unity
  artifactKey: Guid(2cda990e2423bbf4892e6590ba056729) Importer(815301076,1909f56bfc062723c751e8b465ee728b)
Start importing Assets/Scenes/SampleScene.unity using Guid(2cda990e2423bbf4892e6590ba056729) Importer(815301076,1909f56bfc062723c751e8b465ee728b)  -> (artifact id: '230d2dd27e0a23bcb4fd062624e0d499') in 0.040633 seconds 
========================================================================
Received Import Request.
  Time since last request: 0.000776 seconds.
  path: Assets/Scripts/megaman.cs
  artifactKey: Guid(dca8575cebed1a748a6f6c1b0bc75db4) Importer(815301076,1909f56bfc062723c751e8b465ee728b)
Start importing Assets/Scripts/megaman.cs using Guid(dca8575cebed1a748a6f6c1b0bc75db4) Importer(815301076,1909f56bfc062723c751e8b465ee728b)  -> (artifact id: '91da4a7c46c681efbaf4916d61604d38') in 0.297676 seconds 
========================================================================
Received Import Request.
  Time since last request: 9682.237594 seconds.
  path: Assets/imagenes/d nomal.anim
  artifactKey: Guid(3c26f887293398b46870771124589e69) Importer(815301076,1909f56bfc062723c751e8b465ee728b)
Start importing Assets/imagenes/d nomal.anim using Guid(3c26f887293398b46870771124589e69) Importer(815301076,1909f56bfc062723c751e8b465ee728b)  -> (artifact id: '8ada3f9209769fdc3edc89d78f51a738') in 1.855802 seconds 
========================================================================
Received Import Request.
  Time since last request: 57.061077 seconds.
  path: Assets/animate/megaman.controller
  artifactKey: Guid(5aa11ebdbc9c2ae48be5609d773f5f16) Importer(815301076,1909f56bfc062723c751e8b465ee728b)
Start importing Assets/animate/megaman.controller using Guid(5aa11ebdbc9c2ae48be5609d773f5f16) Importer(815301076,1909f56bfc062723c751e8b465ee728b)  -> (artifact id: '5e05d6b4d8fa92a7a51a1fa82bc89c4a') in 1.976798 seconds 
========================================================================
Received Import Request.
  Time since last request: 36.865791 seconds.
  path: Assets/imagenes
  artifactKey: Guid(799222b6a034bed459ae214f48805a98) Importer(815301076,1909f56bfc062723c751e8b465ee728b)
Start importing Assets/imagenes using Guid(799222b6a034bed459ae214f48805a98) Importer(815301076,1909f56bfc062723c751e8b465ee728b)  -> (artifact id: 'e5d97120aa0fb6058e390ebcb68dd627') in 0.054443 seconds 
========================================================================
Received Import Request.
  Time since last request: 11.654775 seconds.
  path: Assets/imagenes/d jump.anim
  artifactKey: Guid(70a75d57b560cc6458860eddb334fcef) Importer(815301076,1909f56bfc062723c751e8b465ee728b)
Start importing Assets/imagenes/d jump.anim using Guid(70a75d57b560cc6458860eddb334fcef) Importer(815301076,1909f56bfc062723c751e8b465ee728b)  -> (artifact id: 'f1f33171e3137bfca37c8daa54b082ac') in 0.023609 seconds 
========================================================================
Received Import Request.
  Time since last request: 39.922368 seconds.
  path: Assets/imagenes/d fall.anim
  artifactKey: Guid(ce58919311d89ec43ab53c432db151e5) Importer(815301076,1909f56bfc062723c751e8b465ee728b)
Start importing Assets/imagenes/d fall.anim using Guid(ce58919311d89ec43ab53c432db151e5) Importer(815301076,1909f56bfc062723c751e8b465ee728b)  -> (artifact id: '89a64c60ed0f49de7b447bb7eaf6a19f') in 0.019184 seconds 
========================================================================
Received Import Request.
  Time since last request: 30.848053 seconds.
  path: Assets/imagenes/d dash.anim
  artifactKey: Guid(653c986f2be98964b897dda584fad4b1) Importer(815301076,1909f56bfc062723c751e8b465ee728b)
Start importing Assets/imagenes/d dash.anim using Guid(653c986f2be98964b897dda584fad4b1) Importer(815301076,1909f56bfc062723c751e8b465ee728b)  -> (artifact id: '1e166c33b07fa67bcda64f4b7f2ba03b') in 0.040447 seconds 
========================================================================
Received Prepare
Registering precompiled user dll's ...
Registered in 0.339255 seconds.
Begin MonoManager ReloadAssembly
Symbol file LoadedFromMemory doesn't match image C:\Users\USER AUTORIZED\Pictures\6 semestre\PROGRAMACION\Mmegan Prueba\Library\PackageCache\com.unity.visualscripting@1.6.1\Editor\VisualScripting.Core\Dependencies\YamlDotNet\Unity.VisualScripting.YamlDotNet.dll
Symbol file LoadedFromMemory doesn't match image C:\Users\USER AUTORIZED\Pictures\6 semestre\PROGRAMACION\Mmegan Prueba\Library\PackageCache\com.unity.visualscripting@1.6.1\Editor\VisualScripting.Core\Dependencies\DotNetZip\Unity.VisualScripting.IonicZip.dll
Native extension for WindowsStandalone target not found
Native extension for WebGL target not found
Refreshing native plugins compatible for Editor in 2.19 ms, found 4 plugins.
Preloading 0 native plugins for Editor in 0.00 ms.
Mono: successfully reloaded assembly
- Completed reload, in 13.286 seconds
Domain Reload Profiling:
	ReloadAssembly (13306ms)
		BeginReloadAssembly (6881ms)
			ExecutionOrderSort (0ms)
			DisableScriptedObjects (882ms)
			BackupInstance (0ms)
			ReleaseScriptingObjects (0ms)
			CreateAndSetChildDomain (3985ms)
		EndReloadAssembly (6010ms)
			LoadAssemblies (2202ms)
			RebuildTransferFunctionScriptingTraits (26ms)
			SetupTypeCache (1797ms)
			ReleaseScriptCaches (4ms)
			RebuildScriptCaches (184ms)
			SetupLoadedEditorAssemblies (1467ms)
				LogAssemblyErrors (0ms)
				InitializePlatformSupportModulesInManaged (24ms)
				SetLoadedEditorAssemblies (2ms)
				RefreshPlugins (2ms)
				BeforeProcessingInitializeOnLoad (473ms)
				ProcessInitializeOnLoadAttributes (918ms)
				ProcessInitializeOnLoadMethodAttributes (27ms)
				AfterProcessingInitializeOnLoad (19ms)
				EditorAssembliesLoaded (1ms)
			ExecutionOrderSort2 (0ms)
			AwakeInstancesAfterBackupRestoration (51ms)
Platform modules already initialized, skipping
Refreshing native plugins compatible for Editor in 6.54 ms, found 4 plugins.
Preloading 0 native plugins for Editor in 0.00 ms.
Unloading 3667 Unused Serialized files (Serialized files now loaded: 0)
System memory in use before: 140.9 MB.
System memory in use after: 141.0 MB.

Unloading 25 unused Assets to reduce memory usage. Loaded Objects now: 4147.
Total: 168.540700 ms (FindLiveObjects: 1.781000 ms CreateObjectMapping: 1.072800 ms MarkObjects: 164.545200 ms  DeleteObjects: 1.135500 ms)

AssetImportParameters requested are different than current active one (requested -> active):
  custom:framework-win-MediaFoundation: 216162199b28c13a410421893ffa2e32 -> 
  custom:video-decoder-ogg-theora: a1e56fd34408186e4bbccfd4996cb3dc -> 
  custom:container-muxer-webm: aa71ff27fc2769a1b78a27578f13a17b -> 
  custom:container-demuxer-webm: 4f35f7cbe854078d1ac9338744f61a02 -> 
  custom:container-demuxer-ogg: 62fdf1f143b41e24485cea50d1cbac27 -> 
  custom:video-encoder-webm-vp8: eb34c28f22e8b96e1ab97ce403110664 -> 
  custom:video-decoder-webm-vp8: 9c59270c3fd7afecdb556c50c9e8de78 -> 
  custom:audio-decoder-ogg-vorbis: bf7c407c2cedff20999df2af8eb42d56 -> 
  custom:audio-encoder-webm-vorbis: bf7c407c2cedff20999df2af8eb42d56 -> 
========================================================================
Received Import Request.
  Time since last request: 787.619758 seconds.
  path: Assets/Scripts/bullet.cs
  artifactKey: Guid(919c282e54e0b7d4c80f3aeb98e2c893) Importer(815301076,1909f56bfc062723c751e8b465ee728b)
Start importing Assets/Scripts/bullet.cs using Guid(919c282e54e0b7d4c80f3aeb98e2c893) Importer(815301076,1909f56bfc062723c751e8b465ee728b)  -> (artifact id: '57854b7246c6ea478b14634bf0db3970') in 0.130774 seconds 
========================================================================
Received Prepare
Registering precompiled user dll's ...
Registered in 0.150957 seconds.
Begin MonoManager ReloadAssembly
Symbol file LoadedFromMemory doesn't match image C:\Users\USER AUTORIZED\Pictures\6 semestre\PROGRAMACION\Mmegan Prueba\Library\PackageCache\com.unity.visualscripting@1.6.1\Editor\VisualScripting.Core\Dependencies\YamlDotNet\Unity.VisualScripting.YamlDotNet.dll
Symbol file LoadedFromMemory doesn't match image C:\Users\USER AUTORIZED\Pictures\6 semestre\PROGRAMACION\Mmegan Prueba\Library\PackageCache\com.unity.visualscripting@1.6.1\Editor\VisualScripting.Core\Dependencies\DotNetZip\Unity.VisualScripting.IonicZip.dll
Native extension for WindowsStandalone target not found
Native extension for WebGL target not found
Refreshing native plugins compatible for Editor in 2.21 ms, found 4 plugins.
Preloading 0 native plugins for Editor in 0.00 ms.
Mono: successfully reloaded assembly
- Completed reload, in  7.718 seconds
Domain Reload Profiling:
	ReloadAssembly (7720ms)
		BeginReloadAssembly (950ms)
			ExecutionOrderSort (0ms)
			DisableScriptedObjects (62ms)
			BackupInstance (0ms)
			ReleaseScriptingObjects (0ms)
			CreateAndSetChildDomain (211ms)
		EndReloadAssembly (6300ms)
			LoadAssemblies (2597ms)
			RebuildTransferFunctionScriptingTraits (0ms)
			SetupTypeCache (1812ms)
			ReleaseScriptCaches (3ms)
			RebuildScriptCaches (174ms)
			SetupLoadedEditorAssemblies (1613ms)
				LogAssemblyErrors (0ms)
				InitializePlatformSupportModulesInManaged (21ms)
				SetLoadedEditorAssemblies (2ms)
				RefreshPlugins (2ms)
				BeforeProcessingInitializeOnLoad (254ms)
				ProcessInitializeOnLoadAttributes (1278ms)
				ProcessInitializeOnLoadMethodAttributes (33ms)
				AfterProcessingInitializeOnLoad (22ms)
				EditorAssembliesLoaded (1ms)
			ExecutionOrderSort2 (0ms)
			AwakeInstancesAfterBackupRestoration (54ms)
Platform modules already initialized, skipping
Refreshing native plugins compatible for Editor in 2.88 ms, found 4 plugins.
Preloading 0 native plugins for Editor in 0.00 ms.
Unloading 3667 Unused Serialized files (Serialized files now loaded: 0)
System memory in use before: 141.0 MB.
System memory in use after: 141.1 MB.

Unloading 25 unused Assets to reduce memory usage. Loaded Objects now: 4152.
Total: 17.998000 ms (FindLiveObjects: 6.888800 ms CreateObjectMapping: 1.250900 ms MarkObjects: 9.494700 ms  DeleteObjects: 0.356900 ms)

AssetImportParameters requested are different than current active one (requested -> active):
  custom:framework-win-MediaFoundation: 216162199b28c13a410421893ffa2e32 -> 
  custom:video-decoder-ogg-theora: a1e56fd34408186e4bbccfd4996cb3dc -> 
  custom:container-muxer-webm: aa71ff27fc2769a1b78a27578f13a17b -> 
  custom:container-demuxer-webm: 4f35f7cbe854078d1ac9338744f61a02 -> 
  custom:container-demuxer-ogg: 62fdf1f143b41e24485cea50d1cbac27 -> 
  custom:video-encoder-webm-vp8: eb34c28f22e8b96e1ab97ce403110664 -> 
  custom:video-decoder-webm-vp8: 9c59270c3fd7afecdb556c50c9e8de78 -> 
  custom:audio-decoder-ogg-vorbis: bf7c407c2cedff20999df2af8eb42d56 -> 
  custom:audio-encoder-webm-vorbis: bf7c407c2cedff20999df2af8eb42d56 -> 
========================================================================
Received Prepare
Registering precompiled user dll's ...
Registered in 0.078106 seconds.
Begin MonoManager ReloadAssembly
Symbol file LoadedFromMemory doesn't match image C:\Users\USER AUTORIZED\Pictures\6 semestre\PROGRAMACION\Mmegan Prueba\Library\PackageCache\com.unity.visualscripting@1.6.1\Editor\VisualScripting.Core\Dependencies\YamlDotNet\Unity.VisualScripting.YamlDotNet.dll
Symbol file LoadedFromMemory doesn't match image C:\Users\USER AUTORIZED\Pictures\6 semestre\PROGRAMACION\Mmegan Prueba\Library\PackageCache\com.unity.visualscripting@1.6.1\Editor\VisualScripting.Core\Dependencies\DotNetZip\Unity.VisualScripting.IonicZip.dll
Native extension for WindowsStandalone target not found
Native extension for WebGL target not found
Refreshing native plugins compatible for Editor in 3.09 ms, found 4 plugins.
Preloading 0 native plugins for Editor in 0.00 ms.
Mono: successfully reloaded assembly
- Completed reload, in  8.549 seconds
Domain Reload Profiling:
	ReloadAssembly (8554ms)
		BeginReloadAssembly (758ms)
			ExecutionOrderSort (0ms)
			DisableScriptedObjects (41ms)
			BackupInstance (0ms)
			ReleaseScriptingObjects (0ms)
			CreateAndSetChildDomain (239ms)
		EndReloadAssembly (7376ms)
			LoadAssemblies (1861ms)
			RebuildTransferFunctionScriptingTraits (0ms)
			SetupTypeCache (2487ms)
			ReleaseScriptCaches (7ms)
			RebuildScriptCaches (288ms)
			SetupLoadedEditorAssemblies (2089ms)
				LogAssemblyErrors (0ms)
				InitializePlatformSupportModulesInManaged (44ms)
				SetLoadedEditorAssemblies (3ms)
				RefreshPlugins (3ms)
				BeforeProcessingInitializeOnLoad (374ms)
				ProcessInitializeOnLoadAttributes (1522ms)
				ProcessInitializeOnLoadMethodAttributes (111ms)
				AfterProcessingInitializeOnLoad (31ms)
				EditorAssembliesLoaded (1ms)
			ExecutionOrderSort2 (0ms)
			AwakeInstancesAfterBackupRestoration (88ms)
Platform modules already initialized, skipping
Refreshing native plugins compatible for Editor in 24.58 ms, found 4 plugins.
Preloading 0 native plugins for Editor in 0.00 ms.
Unloading 3667 Unused Serialized files (Serialized files now loaded: 0)
System memory in use before: 141.0 MB.
System memory in use after: 141.1 MB.

Unloading 25 unused Assets to reduce memory usage. Loaded Objects now: 4156.
Total: 25.229900 ms (FindLiveObjects: 8.890100 ms CreateObjectMapping: 1.015500 ms MarkObjects: 14.698600 ms  DeleteObjects: 0.612600 ms)

AssetImportParameters requested are different than current active one (requested -> active):
  custom:framework-win-MediaFoundation: 216162199b28c13a410421893ffa2e32 -> 
  custom:video-decoder-ogg-theora: a1e56fd34408186e4bbccfd4996cb3dc -> 
  custom:container-muxer-webm: aa71ff27fc2769a1b78a27578f13a17b -> 
  custom:container-demuxer-webm: 4f35f7cbe854078d1ac9338744f61a02 -> 
  custom:container-demuxer-ogg: 62fdf1f143b41e24485cea50d1cbac27 -> 
  custom:video-encoder-webm-vp8: eb34c28f22e8b96e1ab97ce403110664 -> 
  custom:video-decoder-webm-vp8: 9c59270c3fd7afecdb556c50c9e8de78 -> 
  custom:audio-decoder-ogg-vorbis: bf7c407c2cedff20999df2af8eb42d56 -> 
  custom:audio-encoder-webm-vorbis: bf7c407c2cedff20999df2af8eb42d56 -> 
========================================================================
Received Import Request.
  Time since last request: 270.183985 seconds.
  path: Assets/Scripts/bullet.cs
  artifactKey: Guid(919c282e54e0b7d4c80f3aeb98e2c893) Importer(815301076,1909f56bfc062723c751e8b465ee728b)
Start importing Assets/Scripts/bullet.cs using Guid(919c282e54e0b7d4c80f3aeb98e2c893) Importer(815301076,1909f56bfc062723c751e8b465ee728b)  -> (artifact id: 'cd4b35375240ffacad984a1627bea44b') in 0.028356 seconds 
========================================================================
Received Import Request.
  Time since last request: 47.667377 seconds.
  path: Assets/prefab/disparo_0.prefab
  artifactKey: Guid(918b7620cf0627549935a3517ca48cc4) Importer(815301076,1909f56bfc062723c751e8b465ee728b)
Start importing Assets/prefab/disparo_0.prefab using Guid(918b7620cf0627549935a3517ca48cc4) Importer(815301076,1909f56bfc062723c751e8b465ee728b)  -> (artifact id: 'b3b019d5b735f967ad34a33a9bfcfe88') in 0.807616 seconds 
========================================================================
Received Prepare
Registering precompiled user dll's ...
Registered in 0.100264 seconds.
Begin MonoManager ReloadAssembly
Symbol file LoadedFromMemory doesn't match image C:\Users\USER AUTORIZED\Pictures\6 semestre\PROGRAMACION\Mmegan Prueba\Library\PackageCache\com.unity.visualscripting@1.6.1\Editor\VisualScripting.Core\Dependencies\YamlDotNet\Unity.VisualScripting.YamlDotNet.dll
Symbol file LoadedFromMemory doesn't match image C:\Users\USER AUTORIZED\Pictures\6 semestre\PROGRAMACION\Mmegan Prueba\Library\PackageCache\com.unity.visualscripting@1.6.1\Editor\VisualScripting.Core\Dependencies\DotNetZip\Unity.VisualScripting.IonicZip.dll
Native extension for WindowsStandalone target not found
Native extension for WebGL target not found
Refreshing native plugins compatible for Editor in 3.38 ms, found 4 plugins.
Preloading 0 native plugins for Editor in 0.00 ms.
Mono: successfully reloaded assembly
- Completed reload, in 15.109 seconds
Domain Reload Profiling:
	ReloadAssembly (15119ms)
		BeginReloadAssembly (1539ms)
			ExecutionOrderSort (0ms)
			DisableScriptedObjects (51ms)
			BackupInstance (0ms)
			ReleaseScriptingObjects (0ms)
			CreateAndSetChildDomain (350ms)
		EndReloadAssembly (13134ms)
			LoadAssemblies (1088ms)
			RebuildTransferFunctionScriptingTraits (0ms)
			SetupTypeCache (3840ms)
			ReleaseScriptCaches (9ms)
			RebuildScriptCaches (655ms)
			SetupLoadedEditorAssemblies (5547ms)
				LogAssemblyErrors (0ms)
				InitializePlatformSupportModulesInManaged (49ms)
				SetLoadedEditorAssemblies (15ms)
				RefreshPlugins (4ms)
				BeforeProcessingInitializeOnLoad (1119ms)
				ProcessInitializeOnLoadAttributes (4012ms)
				ProcessInitializeOnLoadMethodAttributes (305ms)
				AfterProcessingInitializeOnLoad (42ms)
				EditorAssembliesLoaded (1ms)
			ExecutionOrderSort2 (0ms)
			AwakeInstancesAfterBackupRestoration (74ms)
Platform modules already initialized, skipping
Refreshing native plugins compatible for Editor in 3.26 ms, found 4 plugins.
Preloading 0 native plugins for Editor in 0.00 ms.
Unloading 3667 Unused Serialized files (Serialized files now loaded: 0)
System memory in use before: 141.0 MB.
System memory in use after: 141.1 MB.

Unloading 25 unused Assets to reduce memory usage. Loaded Objects now: 4165.
Total: 26.750100 ms (FindLiveObjects: 7.467400 ms CreateObjectMapping: 1.231900 ms MarkObjects: 17.687100 ms  DeleteObjects: 0.356500 ms)

AssetImportParameters requested are different than current active one (requested -> active):
  custom:framework-win-MediaFoundation: 216162199b28c13a410421893ffa2e32 -> 
  custom:video-decoder-ogg-theora: a1e56fd34408186e4bbccfd4996cb3dc -> 
  custom:container-muxer-webm: aa71ff27fc2769a1b78a27578f13a17b -> 
  custom:container-demuxer-webm: 4f35f7cbe854078d1ac9338744f61a02 -> 
  custom:container-demuxer-ogg: 62fdf1f143b41e24485cea50d1cbac27 -> 
  custom:video-encoder-webm-vp8: eb34c28f22e8b96e1ab97ce403110664 -> 
  custom:video-decoder-webm-vp8: 9c59270c3fd7afecdb556c50c9e8de78 -> 
  custom:audio-decoder-ogg-vorbis: bf7c407c2cedff20999df2af8eb42d56 -> 
  custom:audio-encoder-webm-vorbis: bf7c407c2cedff20999df2af8eb42d56 -> 
========================================================================
Received Prepare
Registering precompiled user dll's ...
Registered in 0.128962 seconds.
Begin MonoManager ReloadAssembly
Symbol file LoadedFromMemory doesn't match image C:\Users\USER AUTORIZED\Pictures\6 semestre\PROGRAMACION\Mmegan Prueba\Library\PackageCache\com.unity.visualscripting@1.6.1\Editor\VisualScripting.Core\Dependencies\YamlDotNet\Unity.VisualScripting.YamlDotNet.dll
Symbol file LoadedFromMemory doesn't match image C:\Users\USER AUTORIZED\Pictures\6 semestre\PROGRAMACION\Mmegan Prueba\Library\PackageCache\com.unity.visualscripting@1.6.1\Editor\VisualScripting.Core\Dependencies\DotNetZip\Unity.VisualScripting.IonicZip.dll
Native extension for WindowsStandalone target not found
Native extension for WebGL target not found
Refreshing native plugins compatible for Editor in 2.27 ms, found 4 plugins.
Preloading 0 native plugins for Editor in 0.00 ms.
Mono: successfully reloaded assembly
- Completed reload, in  4.225 seconds
Domain Reload Profiling:
	ReloadAssembly (4227ms)
		BeginReloadAssembly (364ms)
			ExecutionOrderSort (0ms)
			DisableScriptedObjects (25ms)
			BackupInstance (0ms)
			ReleaseScriptingObjects (0ms)
			CreateAndSetChildDomain (115ms)
		EndReloadAssembly (3635ms)
			LoadAssemblies (329ms)
			RebuildTransferFunctionScriptingTraits (0ms)
			SetupTypeCache (1425ms)
			ReleaseScriptCaches (4ms)
			RebuildScriptCaches (169ms)
			SetupLoadedEditorAssemblies (1271ms)
				LogAssemblyErrors (0ms)
				InitializePlatformSupportModulesInManaged (19ms)
				SetLoadedEditorAssemblies (3ms)
				RefreshPlugins (3ms)
				BeforeProcessingInitializeOnLoad (218ms)
				ProcessInitializeOnLoadAttributes (980ms)
				ProcessInitializeOnLoadMethodAttributes (28ms)
				AfterProcessingInitializeOnLoad (20ms)
				EditorAssembliesLoaded (1ms)
			ExecutionOrderSort2 (0ms)
			AwakeInstancesAfterBackupRestoration (53ms)
Platform modules already initialized, skipping
Refreshing native plugins compatible for Editor in 2.78 ms, found 4 plugins.
Preloading 0 native plugins for Editor in 0.00 ms.
Unloading 3667 Unused Serialized files (Serialized files now loaded: 0)
System memory in use before: 141.0 MB.
System memory in use after: 141.1 MB.

Unloading 25 unused Assets to reduce memory usage. Loaded Objects now: 4169.
Total: 12.480900 ms (FindLiveObjects: 1.817700 ms CreateObjectMapping: 1.126000 ms MarkObjects: 9.075600 ms  DeleteObjects: 0.455800 ms)

AssetImportParameters requested are different than current active one (requested -> active):
  custom:framework-win-MediaFoundation: 216162199b28c13a410421893ffa2e32 -> 
  custom:video-decoder-ogg-theora: a1e56fd34408186e4bbccfd4996cb3dc -> 
  custom:container-muxer-webm: aa71ff27fc2769a1b78a27578f13a17b -> 
  custom:container-demuxer-webm: 4f35f7cbe854078d1ac9338744f61a02 -> 
  custom:container-demuxer-ogg: 62fdf1f143b41e24485cea50d1cbac27 -> 
  custom:video-encoder-webm-vp8: eb34c28f22e8b96e1ab97ce403110664 -> 
  custom:video-decoder-webm-vp8: 9c59270c3fd7afecdb556c50c9e8de78 -> 
  custom:audio-decoder-ogg-vorbis: bf7c407c2cedff20999df2af8eb42d56 -> 
  custom:audio-encoder-webm-vorbis: bf7c407c2cedff20999df2af8eb42d56 -> 
========================================================================
Received Prepare
Registering precompiled user dll's ...
Registered in 0.310569 seconds.
Begin MonoManager ReloadAssembly
Symbol file LoadedFromMemory doesn't match image C:\Users\USER AUTORIZED\Pictures\6 semestre\PROGRAMACION\Mmegan Prueba\Library\PackageCache\com.unity.visualscripting@1.6.1\Editor\VisualScripting.Core\Dependencies\YamlDotNet\Unity.VisualScripting.YamlDotNet.dll
Symbol file LoadedFromMemory doesn't match image C:\Users\USER AUTORIZED\Pictures\6 semestre\PROGRAMACION\Mmegan Prueba\Library\PackageCache\com.unity.visualscripting@1.6.1\Editor\VisualScripting.Core\Dependencies\DotNetZip\Unity.VisualScripting.IonicZip.dll
Native extension for WindowsStandalone target not found
Native extension for WebGL target not found
Refreshing native plugins compatible for Editor in 3.20 ms, found 4 plugins.
Preloading 0 native plugins for Editor in 0.00 ms.
Mono: successfully reloaded assembly
- Completed reload, in  6.164 seconds
Domain Reload Profiling:
	ReloadAssembly (6167ms)
		BeginReloadAssembly (412ms)
			ExecutionOrderSort (0ms)
			DisableScriptedObjects (31ms)
			BackupInstance (0ms)
			ReleaseScriptingObjects (0ms)
			CreateAndSetChildDomain (133ms)
		EndReloadAssembly (5489ms)
			LoadAssemblies (1565ms)
			RebuildTransferFunctionScriptingTraits (0ms)
			SetupTypeCache (1772ms)
			ReleaseScriptCaches (6ms)
			RebuildScriptCaches (260ms)
			SetupLoadedEditorAssemblies (1299ms)
				LogAssemblyErrors (0ms)
				InitializePlatformSupportModulesInManaged (28ms)
				SetLoadedEditorAssemblies (2ms)
				RefreshPlugins (4ms)
				BeforeProcessingInitializeOnLoad (232ms)
				ProcessInitializeOnLoadAttributes (979ms)
				ProcessInitializeOnLoadMethodAttributes (32ms)
				AfterProcessingInitializeOnLoad (22ms)
				EditorAssembliesLoaded (1ms)
			ExecutionOrderSort2 (0ms)
			AwakeInstancesAfterBackupRestoration (55ms)
Platform modules already initialized, skipping
Refreshing native plugins compatible for Editor in 10.52 ms, found 4 plugins.
Preloading 0 native plugins for Editor in 0.00 ms.
Unloading 3667 Unused Serialized files (Serialized files now loaded: 0)
System memory in use before: 141.1 MB.
System memory in use after: 141.2 MB.

Unloading 25 unused Assets to reduce memory usage. Loaded Objects now: 4173.
Total: 18.383100 ms (FindLiveObjects: 1.867200 ms CreateObjectMapping: 2.623300 ms MarkObjects: 13.542100 ms  DeleteObjects: 0.345100 ms)

AssetImportParameters requested are different than current active one (requested -> active):
  custom:framework-win-MediaFoundation: 216162199b28c13a410421893ffa2e32 -> 
  custom:video-decoder-ogg-theora: a1e56fd34408186e4bbccfd4996cb3dc -> 
  custom:container-muxer-webm: aa71ff27fc2769a1b78a27578f13a17b -> 
  custom:container-demuxer-webm: 4f35f7cbe854078d1ac9338744f61a02 -> 
  custom:container-demuxer-ogg: 62fdf1f143b41e24485cea50d1cbac27 -> 
  custom:video-encoder-webm-vp8: eb34c28f22e8b96e1ab97ce403110664 -> 
  custom:video-decoder-webm-vp8: 9c59270c3fd7afecdb556c50c9e8de78 -> 
  custom:audio-decoder-ogg-vorbis: bf7c407c2cedff20999df2af8eb42d56 -> 
  custom:audio-encoder-webm-vorbis: bf7c407c2cedff20999df2af8eb42d56 -> 
========================================================================
Received Prepare
Registering precompiled user dll's ...
Registered in 0.050728 seconds.
Begin MonoManager ReloadAssembly
Symbol file LoadedFromMemory doesn't match image C:\Users\USER AUTORIZED\Pictures\6 semestre\PROGRAMACION\Mmegan Prueba\Library\PackageCache\com.unity.visualscripting@1.6.1\Editor\VisualScripting.Core\Dependencies\YamlDotNet\Unity.VisualScripting.YamlDotNet.dll
Symbol file LoadedFromMemory doesn't match image C:\Users\USER AUTORIZED\Pictures\6 semestre\PROGRAMACION\Mmegan Prueba\Library\PackageCache\com.unity.visualscripting@1.6.1\Editor\VisualScripting.Core\Dependencies\DotNetZip\Unity.VisualScripting.IonicZip.dll
Native extension for WindowsStandalone target not found
Native extension for WebGL target not found
Refreshing native plugins compatible for Editor in 2.20 ms, found 4 plugins.
Preloading 0 native plugins for Editor in 0.00 ms.
Mono: successfully reloaded assembly
- Completed reload, in  9.655 seconds
Domain Reload Profiling:
	ReloadAssembly (9656ms)
		BeginReloadAssembly (737ms)
			ExecutionOrderSort (0ms)
			DisableScriptedObjects (34ms)
			BackupInstance (0ms)
			ReleaseScriptingObjects (0ms)
			CreateAndSetChildDomain (202ms)
		EndReloadAssembly (8556ms)
			LoadAssemblies (870ms)
			RebuildTransferFunctionScriptingTraits (0ms)
			SetupTypeCache (5971ms)
			ReleaseScriptCaches (8ms)
			RebuildScriptCaches (201ms)
			SetupLoadedEditorAssemblies (1127ms)
				LogAssemblyErrors (0ms)
				InitializePlatformSupportModulesInManaged (23ms)
				SetLoadedEditorAssemblies (4ms)
				RefreshPlugins (3ms)
				BeforeProcessingInitializeOnLoad (231ms)
				ProcessInitializeOnLoadAttributes (807ms)
				ProcessInitializeOnLoadMethodAttributes (34ms)
				AfterProcessingInitializeOnLoad (25ms)
				EditorAssembliesLoaded (1ms)
			ExecutionOrderSort2 (0ms)
			AwakeInstancesAfterBackupRestoration (65ms)
Platform modules already initialized, skipping
Refreshing native plugins compatible for Editor in 2.52 ms, found 4 plugins.
Preloading 0 native plugins for Editor in 0.00 ms.
Unloading 3667 Unused Serialized files (Serialized files now loaded: 0)
System memory in use before: 141.1 MB.
System memory in use after: 141.2 MB.

Unloading 25 unused Assets to reduce memory usage. Loaded Objects now: 4177.
Total: 11.586100 ms (FindLiveObjects: 1.722200 ms CreateObjectMapping: 0.740500 ms MarkObjects: 8.767300 ms  DeleteObjects: 0.350500 ms)

AssetImportParameters requested are different than current active one (requested -> active):
  custom:framework-win-MediaFoundation: 216162199b28c13a410421893ffa2e32 -> 
  custom:video-decoder-ogg-theora: a1e56fd34408186e4bbccfd4996cb3dc -> 
  custom:container-muxer-webm: aa71ff27fc2769a1b78a27578f13a17b -> 
  custom:container-demuxer-webm: 4f35f7cbe854078d1ac9338744f61a02 -> 
  custom:container-demuxer-ogg: 62fdf1f143b41e24485cea50d1cbac27 -> 
  custom:video-encoder-webm-vp8: eb34c28f22e8b96e1ab97ce403110664 -> 
  custom:video-decoder-webm-vp8: 9c59270c3fd7afecdb556c50c9e8de78 -> 
  custom:audio-decoder-ogg-vorbis: bf7c407c2cedff20999df2af8eb42d56 -> 
  custom:audio-encoder-webm-vorbis: bf7c407c2cedff20999df2af8eb42d56 -> 
========================================================================
Received Prepare
Registering precompiled user dll's ...
Registered in 0.086846 seconds.
Begin MonoManager ReloadAssembly
Symbol file LoadedFromMemory doesn't match image C:\Users\USER AUTORIZED\Pictures\6 semestre\PROGRAMACION\Mmegan Prueba\Library\PackageCache\com.unity.visualscripting@1.6.1\Editor\VisualScripting.Core\Dependencies\YamlDotNet\Unity.VisualScripting.YamlDotNet.dll
Symbol file LoadedFromMemory doesn't match image C:\Users\USER AUTORIZED\Pictures\6 semestre\PROGRAMACION\Mmegan Prueba\Library\PackageCache\com.unity.visualscripting@1.6.1\Editor\VisualScripting.Core\Dependencies\DotNetZip\Unity.VisualScripting.IonicZip.dll
Native extension for WindowsStandalone target not found
Native extension for WebGL target not found
Refreshing native plugins compatible for Editor in 4.17 ms, found 4 plugins.
Preloading 0 native plugins for Editor in 0.00 ms.
Mono: successfully reloaded assembly
- Completed reload, in  7.521 seconds
Domain Reload Profiling:
	ReloadAssembly (7527ms)
		BeginReloadAssembly (764ms)
			ExecutionOrderSort (0ms)
			DisableScriptedObjects (76ms)
			BackupInstance (0ms)
			ReleaseScriptingObjects (0ms)
			CreateAndSetChildDomain (237ms)
		EndReloadAssembly (6341ms)
			LoadAssemblies (713ms)
			RebuildTransferFunctionScriptingTraits (0ms)
			SetupTypeCache (2507ms)
			ReleaseScriptCaches (6ms)
			RebuildScriptCaches (329ms)
			SetupLoadedEditorAssemblies (2078ms)
				LogAssemblyErrors (0ms)
				InitializePlatformSupportModulesInManaged (37ms)
				SetLoadedEditorAssemblies (4ms)
				RefreshPlugins (5ms)
				BeforeProcessingInitializeOnLoad (389ms)
				ProcessInitializeOnLoadAttributes (1549ms)
				ProcessInitializeOnLoadMethodAttributes (59ms)
				AfterProcessingInitializeOnLoad (34ms)
				EditorAssembliesLoaded (1ms)
			ExecutionOrderSort2 (0ms)
			AwakeInstancesAfterBackupRestoration (93ms)
Platform modules already initialized, skipping
Refreshing native plugins compatible for Editor in 4.19 ms, found 4 plugins.
Preloading 0 native plugins for Editor in 0.00 ms.
Unloading 3667 Unused Serialized files (Serialized files now loaded: 0)
System memory in use before: 141.1 MB.
System memory in use after: 141.2 MB.

Unloading 25 unused Assets to reduce memory usage. Loaded Objects now: 4181.
Total: 25.292700 ms (FindLiveObjects: 2.388500 ms CreateObjectMapping: 1.086300 ms MarkObjects: 21.018500 ms  DeleteObjects: 0.782600 ms)

AssetImportParameters requested are different than current active one (requested -> active):
  custom:framework-win-MediaFoundation: 216162199b28c13a410421893ffa2e32 -> 
  custom:video-decoder-ogg-theora: a1e56fd34408186e4bbccfd4996cb3dc -> 
  custom:container-muxer-webm: aa71ff27fc2769a1b78a27578f13a17b -> 
  custom:container-demuxer-webm: 4f35f7cbe854078d1ac9338744f61a02 -> 
  custom:container-demuxer-ogg: 62fdf1f143b41e24485cea50d1cbac27 -> 
  custom:video-encoder-webm-vp8: eb34c28f22e8b96e1ab97ce403110664 -> 
  custom:video-decoder-webm-vp8: 9c59270c3fd7afecdb556c50c9e8de78 -> 
  custom:audio-decoder-ogg-vorbis: bf7c407c2cedff20999df2af8eb42d56 -> 
  custom:audio-encoder-webm-vorbis: bf7c407c2cedff20999df2af8eb42d56 -> 
========================================================================
Received Import Request.
  Time since last request: 1910.161681 seconds.
  path: Assets/imagenes/destroy bullet.anim
  artifactKey: Guid(639214963e7423c4d81ab3bb3c564b06) Importer(815301076,1909f56bfc062723c751e8b465ee728b)
Start importing Assets/imagenes/destroy bullet.anim using Guid(639214963e7423c4d81ab3bb3c564b06) Importer(815301076,1909f56bfc062723c751e8b465ee728b)  -> (artifact id: '183fddd965bbe210358ac72c8683eac6') in 0.084375 seconds 
========================================================================
Received Import Request.
  Time since last request: 157.817442 seconds.
  path: Assets/imagenes/bullet.anim
  artifactKey: Guid(238de2310ae86f444838b3f350955921) Importer(815301076,1909f56bfc062723c751e8b465ee728b)
Start importing Assets/imagenes/bullet.anim using Guid(238de2310ae86f444838b3f350955921) Importer(815301076,1909f56bfc062723c751e8b465ee728b)  -> (artifact id: '849498f675b9995518ede820193bbba7') in 0.015985 seconds 
========================================================================
Received Import Request.
  Time since last request: 89.059695 seconds.
  path: ProjectSettings/TagManager.asset
  artifactKey: Guid(00000000000000003000000000000000) Importer(815301076,1909f56bfc062723c751e8b465ee728b)
Start importing ProjectSettings/TagManager.asset using Guid(00000000000000003000000000000000) Importer(815301076,1909f56bfc062723c751e8b465ee728b)  -> (artifact id: '92d75e27f0c9e20bafff1eb7f7b3cc0f') in 0.049012 seconds 
========================================================================
Received Import Request.
  Time since last request: 312.187870 seconds.
  path: Assets/Scripts/megan_disparo.cs
  artifactKey: Guid(b75bae67a46d78243921df10c2ec59a5) Importer(815301076,1909f56bfc062723c751e8b465ee728b)
Start importing Assets/Scripts/megan_disparo.cs using Guid(b75bae67a46d78243921df10c2ec59a5) Importer(815301076,1909f56bfc062723c751e8b465ee728b)  -> (artifact id: 'baefb034edb5040a17621d900b1b73ea') in 0.051649 seconds 
========================================================================
Received Prepare
Registering precompiled user dll's ...
Registered in 0.223114 seconds.
Begin MonoManager ReloadAssembly
Symbol file LoadedFromMemory doesn't match image C:\Users\USER AUTORIZED\Pictures\6 semestre\PROGRAMACION\Mmegan Prueba\Library\PackageCache\com.unity.visualscripting@1.6.1\Editor\VisualScripting.Core\Dependencies\YamlDotNet\Unity.VisualScripting.YamlDotNet.dll
Symbol file LoadedFromMemory doesn't match image C:\Users\USER AUTORIZED\Pictures\6 semestre\PROGRAMACION\Mmegan Prueba\Library\PackageCache\com.unity.visualscripting@1.6.1\Editor\VisualScripting.Core\Dependencies\DotNetZip\Unity.VisualScripting.IonicZip.dll
Native extension for WindowsStandalone target not found
Native extension for WebGL target not found
Refreshing native plugins compatible for Editor in 4.20 ms, found 4 plugins.
Preloading 0 native plugins for Editor in 0.00 ms.
Mono: successfully reloaded assembly
- Completed reload, in  8.064 seconds
Domain Reload Profiling:
	ReloadAssembly (8068ms)
		BeginReloadAssembly (1078ms)
			ExecutionOrderSort (0ms)
			DisableScriptedObjects (88ms)
			BackupInstance (0ms)
			ReleaseScriptingObjects (0ms)
			CreateAndSetChildDomain (497ms)
		EndReloadAssembly (6551ms)
			LoadAssemblies (808ms)
			RebuildTransferFunctionScriptingTraits (0ms)
			SetupTypeCache (2471ms)
			ReleaseScriptCaches (8ms)
			RebuildScriptCaches (333ms)
			SetupLoadedEditorAssemblies (2130ms)
				LogAssemblyErrors (0ms)
				InitializePlatformSupportModulesInManaged (40ms)
				SetLoadedEditorAssemblies (2ms)
				RefreshPlugins (5ms)
				BeforeProcessingInitializeOnLoad (417ms)
				ProcessInitializeOnLoadAttributes (1471ms)
				ProcessInitializeOnLoadMethodAttributes (134ms)
				AfterProcessingInitializeOnLoad (50ms)
				EditorAssembliesLoaded (11ms)
			ExecutionOrderSort2 (0ms)
			AwakeInstancesAfterBackupRestoration (208ms)
Platform modules already initialized, skipping
Refreshing native plugins compatible for Editor in 2.78 ms, found 4 plugins.
Preloading 0 native plugins for Editor in 0.00 ms.
Unloading 3668 Unused Serialized files (Serialized files now loaded: 0)
System memory in use before: 141.1 MB.
System memory in use after: 141.2 MB.

Unloading 26 unused Assets to reduce memory usage. Loaded Objects now: 4186.
Total: 26.226900 ms (FindLiveObjects: 7.328500 ms CreateObjectMapping: 1.171000 ms MarkObjects: 16.971700 ms  DeleteObjects: 0.743400 ms)

AssetImportParameters requested are different than current active one (requested -> active):
  custom:framework-win-MediaFoundation: 216162199b28c13a410421893ffa2e32 -> 
  custom:video-decoder-ogg-theora: a1e56fd34408186e4bbccfd4996cb3dc -> 
  custom:container-muxer-webm: aa71ff27fc2769a1b78a27578f13a17b -> 
  custom:container-demuxer-webm: 4f35f7cbe854078d1ac9338744f61a02 -> 
  custom:container-demuxer-ogg: 62fdf1f143b41e24485cea50d1cbac27 -> 
  custom:video-encoder-webm-vp8: eb34c28f22e8b96e1ab97ce403110664 -> 
  custom:video-decoder-webm-vp8: 9c59270c3fd7afecdb556c50c9e8de78 -> 
  custom:audio-decoder-ogg-vorbis: bf7c407c2cedff20999df2af8eb42d56 -> 
  custom:audio-encoder-webm-vorbis: bf7c407c2cedff20999df2af8eb42d56 -> 
========================================================================
Received Prepare
Registering precompiled user dll's ...
Registered in 0.079814 seconds.
Begin MonoManager ReloadAssembly
Symbol file LoadedFromMemory doesn't match image C:\Users\USER AUTORIZED\Pictures\6 semestre\PROGRAMACION\Mmegan Prueba\Library\PackageCache\com.unity.visualscripting@1.6.1\Editor\VisualScripting.Core\Dependencies\YamlDotNet\Unity.VisualScripting.YamlDotNet.dll
Symbol file LoadedFromMemory doesn't match image C:\Users\USER AUTORIZED\Pictures\6 semestre\PROGRAMACION\Mmegan Prueba\Library\PackageCache\com.unity.visualscripting@1.6.1\Editor\VisualScripting.Core\Dependencies\DotNetZip\Unity.VisualScripting.IonicZip.dll
Native extension for WindowsStandalone target not found
Native extension for WebGL target not found
Refreshing native plugins compatible for Editor in 3.94 ms, found 4 plugins.
Preloading 0 native plugins for Editor in 0.00 ms.
Mono: successfully reloaded assembly
- Completed reload, in  8.729 seconds
Domain Reload Profiling:
	ReloadAssembly (8730ms)
		BeginReloadAssembly (872ms)
			ExecutionOrderSort (0ms)
			DisableScriptedObjects (59ms)
			BackupInstance (0ms)
			ReleaseScriptingObjects (0ms)
			CreateAndSetChildDomain (288ms)
		EndReloadAssembly (7391ms)
			LoadAssemblies (865ms)
			RebuildTransferFunctionScriptingTraits (0ms)
			SetupTypeCache (2344ms)
			ReleaseScriptCaches (12ms)
			RebuildScriptCaches (454ms)
			SetupLoadedEditorAssemblies (2305ms)
				LogAssemblyErrors (0ms)
				InitializePlatformSupportModulesInManaged (117ms)
				SetLoadedEditorAssemblies (19ms)
				RefreshPlugins (4ms)
				BeforeProcessingInitializeOnLoad (580ms)
				ProcessInitializeOnLoadAttributes (1514ms)
				ProcessInitializeOnLoadMethodAttributes (45ms)
				AfterProcessingInitializeOnLoad (25ms)
				EditorAssembliesLoaded (1ms)
			ExecutionOrderSort2 (0ms)
			AwakeInstancesAfterBackupRestoration (51ms)
Platform modules already initialized, skipping
Refreshing native plugins compatible for Editor in 3.27 ms, found 4 plugins.
Preloading 0 native plugins for Editor in 0.00 ms.
Unloading 3667 Unused Serialized files (Serialized files now loaded: 0)
System memory in use before: 141.1 MB.
System memory in use after: 141.2 MB.

Unloading 26 unused Assets to reduce memory usage. Loaded Objects now: 4189.
Total: 12.841500 ms (FindLiveObjects: 2.134200 ms CreateObjectMapping: 0.789600 ms MarkObjects: 9.479100 ms  DeleteObjects: 0.432900 ms)

AssetImportParameters requested are different than current active one (requested -> active):
  custom:framework-win-MediaFoundation: 216162199b28c13a410421893ffa2e32 -> 
  custom:video-decoder-ogg-theora: a1e56fd34408186e4bbccfd4996cb3dc -> 
  custom:container-muxer-webm: aa71ff27fc2769a1b78a27578f13a17b -> 
  custom:container-demuxer-webm: 4f35f7cbe854078d1ac9338744f61a02 -> 
  custom:container-demuxer-ogg: 62fdf1f143b41e24485cea50d1cbac27 -> 
  custom:video-encoder-webm-vp8: eb34c28f22e8b96e1ab97ce403110664 -> 
  custom:video-decoder-webm-vp8: 9c59270c3fd7afecdb556c50c9e8de78 -> 
  custom:audio-decoder-ogg-vorbis: bf7c407c2cedff20999df2af8eb42d56 -> 
  custom:audio-encoder-webm-vorbis: bf7c407c2cedff20999df2af8eb42d56 -> 
========================================================================
Received Import Request.
  Time since last request: 160.681461 seconds.
  path: Assets/Scripts/disparo.cs
  artifactKey: Guid(0d2a2a863cd60bc4b9c74bac9e0fcc1b) Importer(815301076,1909f56bfc062723c751e8b465ee728b)
Start importing Assets/Scripts/disparo.cs using Guid(0d2a2a863cd60bc4b9c74bac9e0fcc1b) Importer(815301076,1909f56bfc062723c751e8b465ee728b)  -> (artifact id: 'd744a41a05adc2e3d363de2f41f73900') in 0.060786 seconds 
========================================================================
Received Import Request.
  Time since last request: 7.651303 seconds.
  path: Assets/Scripts/megaman.cs
  artifactKey: Guid(dca8575cebed1a748a6f6c1b0bc75db4) Importer(815301076,1909f56bfc062723c751e8b465ee728b)
Start importing Assets/Scripts/megaman.cs using Guid(dca8575cebed1a748a6f6c1b0bc75db4) Importer(815301076,1909f56bfc062723c751e8b465ee728b)  -> (artifact id: '3dd0d4348a58fcc184131e3fdd01e5f6') in 0.032648 seconds 
========================================================================
Received Prepare
Registering precompiled user dll's ...
Registered in 0.050358 seconds.
Begin MonoManager ReloadAssembly
Symbol file LoadedFromMemory doesn't match image C:\Users\USER AUTORIZED\Pictures\6 semestre\PROGRAMACION\Mmegan Prueba\Library\PackageCache\com.unity.visualscripting@1.6.1\Editor\VisualScripting.Core\Dependencies\YamlDotNet\Unity.VisualScripting.YamlDotNet.dll
Symbol file LoadedFromMemory doesn't match image C:\Users\USER AUTORIZED\Pictures\6 semestre\PROGRAMACION\Mmegan Prueba\Library\PackageCache\com.unity.visualscripting@1.6.1\Editor\VisualScripting.Core\Dependencies\DotNetZip\Unity.VisualScripting.IonicZip.dll
Native extension for WindowsStandalone target not found
Native extension for WebGL target not found
Refreshing native plugins compatible for Editor in 3.63 ms, found 4 plugins.
Preloading 0 native plugins for Editor in 0.00 ms.
Mono: successfully reloaded assembly
- Completed reload, in 10.784 seconds
Domain Reload Profiling:
	ReloadAssembly (10786ms)
		BeginReloadAssembly (2601ms)
			ExecutionOrderSort (0ms)
			DisableScriptedObjects (680ms)
			BackupInstance (0ms)
			ReleaseScriptingObjects (1ms)
			CreateAndSetChildDomain (311ms)
		EndReloadAssembly (7467ms)
			LoadAssemblies (1600ms)
			RebuildTransferFunctionScriptingTraits (0ms)
			SetupTypeCache (4678ms)
			ReleaseScriptCaches (4ms)
			RebuildScriptCaches (207ms)
			SetupLoadedEditorAssemblies (1277ms)
				LogAssemblyErrors (0ms)
				InitializePlatformSupportModulesInManaged (21ms)
				SetLoadedEditorAssemblies (1ms)
				RefreshPlugins (4ms)
				BeforeProcessingInitializeOnLoad (281ms)
				ProcessInitializeOnLoadAttributes (912ms)
				ProcessInitializeOnLoadMethodAttributes (28ms)
				AfterProcessingInitializeOnLoad (29ms)
				EditorAssembliesLoaded (1ms)
			ExecutionOrderSort2 (0ms)
			AwakeInstancesAfterBackupRestoration (169ms)
Platform modules already initialized, skipping
Refreshing native plugins compatible for Editor in 5.09 ms, found 4 plugins.
Preloading 0 native plugins for Editor in 0.00 ms.
Unloading 3668 Unused Serialized files (Serialized files now loaded: 0)
System memory in use before: 141.1 MB.
System memory in use after: 141.3 MB.

Unloading 25 unused Assets to reduce memory usage. Loaded Objects now: 4194.
Total: 24.793900 ms (FindLiveObjects: 2.311400 ms CreateObjectMapping: 3.043500 ms MarkObjects: 19.050300 ms  DeleteObjects: 0.381100 ms)

AssetImportParameters requested are different than current active one (requested -> active):
  custom:framework-win-MediaFoundation: 216162199b28c13a410421893ffa2e32 -> 
  custom:video-decoder-ogg-theora: a1e56fd34408186e4bbccfd4996cb3dc -> 
  custom:container-muxer-webm: aa71ff27fc2769a1b78a27578f13a17b -> 
  custom:container-demuxer-webm: 4f35f7cbe854078d1ac9338744f61a02 -> 
  custom:container-demuxer-ogg: 62fdf1f143b41e24485cea50d1cbac27 -> 
  custom:video-encoder-webm-vp8: eb34c28f22e8b96e1ab97ce403110664 -> 
  custom:video-decoder-webm-vp8: 9c59270c3fd7afecdb556c50c9e8de78 -> 
  custom:audio-decoder-ogg-vorbis: bf7c407c2cedff20999df2af8eb42d56 -> 
  custom:audio-encoder-webm-vorbis: bf7c407c2cedff20999df2af8eb42d56 -> 
========================================================================
Received Prepare
Registering precompiled user dll's ...
Registered in 0.251084 seconds.
Begin MonoManager ReloadAssembly
Symbol file LoadedFromMemory doesn't match image C:\Users\USER AUTORIZED\Pictures\6 semestre\PROGRAMACION\Mmegan Prueba\Library\PackageCache\com.unity.visualscripting@1.6.1\Editor\VisualScripting.Core\Dependencies\YamlDotNet\Unity.VisualScripting.YamlDotNet.dll
Symbol file LoadedFromMemory doesn't match image C:\Users\USER AUTORIZED\Pictures\6 semestre\PROGRAMACION\Mmegan Prueba\Library\PackageCache\com.unity.visualscripting@1.6.1\Editor\VisualScripting.Core\Dependencies\DotNetZip\Unity.VisualScripting.IonicZip.dll
Native extension for WindowsStandalone target not found
Native extension for WebGL target not found
Refreshing native plugins compatible for Editor in 2.20 ms, found 4 plugins.
Preloading 0 native plugins for Editor in 0.00 ms.
Mono: successfully reloaded assembly
- Completed reload, in  9.167 seconds
Domain Reload Profiling:
	ReloadAssembly (9181ms)
		BeginReloadAssembly (3863ms)
			ExecutionOrderSort (4ms)
			DisableScriptedObjects (696ms)
			BackupInstance (0ms)
			ReleaseScriptingObjects (3ms)
			CreateAndSetChildDomain (2100ms)
		EndReloadAssembly (4848ms)
			LoadAssemblies (815ms)
			RebuildTransferFunctionScriptingTraits (0ms)
			SetupTypeCache (1897ms)
			ReleaseScriptCaches (7ms)
			RebuildScriptCaches (166ms)
			SetupLoadedEditorAssemblies (1486ms)
				LogAssemblyErrors (0ms)
				InitializePlatformSupportModulesInManaged (62ms)
				SetLoadedEditorAssemblies (2ms)
				RefreshPlugins (2ms)
				BeforeProcessingInitializeOnLoad (233ms)
				ProcessInitializeOnLoadAttributes (1135ms)
				ProcessInitializeOnLoadMethodAttributes (31ms)
				AfterProcessingInitializeOnLoad (20ms)
				EditorAssembliesLoaded (1ms)
			ExecutionOrderSort2 (0ms)
			AwakeInstancesAfterBackupRestoration (70ms)
Platform modules already initialized, skipping
Refreshing native plugins compatible for Editor in 4.01 ms, found 4 plugins.
Preloading 0 native plugins for Editor in 0.00 ms.
Unloading 3668 Unused Serialized files (Serialized files now loaded: 0)
System memory in use before: 141.2 MB.
System memory in use after: 141.3 MB.

Unloading 25 unused Assets to reduce memory usage. Loaded Objects now: 4198.
Total: 10.896000 ms (FindLiveObjects: 1.522200 ms CreateObjectMapping: 0.490600 ms MarkObjects: 8.501600 ms  DeleteObjects: 0.375300 ms)

AssetImportParameters requested are different than current active one (requested -> active):
  custom:framework-win-MediaFoundation: 216162199b28c13a410421893ffa2e32 -> 
  custom:video-decoder-ogg-theora: a1e56fd34408186e4bbccfd4996cb3dc -> 
  custom:container-muxer-webm: aa71ff27fc2769a1b78a27578f13a17b -> 
  custom:container-demuxer-webm: 4f35f7cbe854078d1ac9338744f61a02 -> 
  custom:container-demuxer-ogg: 62fdf1f143b41e24485cea50d1cbac27 -> 
  custom:video-encoder-webm-vp8: eb34c28f22e8b96e1ab97ce403110664 -> 
  custom:video-decoder-webm-vp8: 9c59270c3fd7afecdb556c50c9e8de78 -> 
  custom:audio-decoder-ogg-vorbis: bf7c407c2cedff20999df2af8eb42d56 -> 
  custom:audio-encoder-webm-vorbis: bf7c407c2cedff20999df2af8eb42d56 -> 
========================================================================
Received Prepare
Registering precompiled user dll's ...
Registered in 0.030038 seconds.
Begin MonoManager ReloadAssembly
Symbol file LoadedFromMemory doesn't match image C:\Users\USER AUTORIZED\Pictures\6 semestre\PROGRAMACION\Mmegan Prueba\Library\PackageCache\com.unity.visualscripting@1.6.1\Editor\VisualScripting.Core\Dependencies\YamlDotNet\Unity.VisualScripting.YamlDotNet.dll
Symbol file LoadedFromMemory doesn't match image C:\Users\USER AUTORIZED\Pictures\6 semestre\PROGRAMACION\Mmegan Prueba\Library\PackageCache\com.unity.visualscripting@1.6.1\Editor\VisualScripting.Core\Dependencies\DotNetZip\Unity.VisualScripting.IonicZip.dll
Native extension for WindowsStandalone target not found
Native extension for WebGL target not found
Refreshing native plugins compatible for Editor in 2.20 ms, found 4 plugins.
Preloading 0 native plugins for Editor in 0.00 ms.
Mono: successfully reloaded assembly
- Completed reload, in  5.419 seconds
Domain Reload Profiling:
	ReloadAssembly (5420ms)
		BeginReloadAssembly (581ms)
			ExecutionOrderSort (0ms)
			DisableScriptedObjects (26ms)
			BackupInstance (0ms)
			ReleaseScriptingObjects (0ms)
			CreateAndSetChildDomain (234ms)
		EndReloadAssembly (4571ms)
			LoadAssemblies (534ms)
			RebuildTransferFunctionScriptingTraits (0ms)
			SetupTypeCache (1833ms)
			ReleaseScriptCaches (4ms)
			RebuildScriptCaches (334ms)
			SetupLoadedEditorAssemblies (1375ms)
				LogAssemblyErrors (0ms)
				InitializePlatformSupportModulesInManaged (19ms)
				SetLoadedEditorAssemblies (1ms)
				RefreshPlugins (2ms)
				BeforeProcessingInitializeOnLoad (232ms)
				ProcessInitializeOnLoadAttributes (1064ms)
				ProcessInitializeOnLoadMethodAttributes (36ms)
				AfterProcessingInitializeOnLoad (20ms)
				EditorAssembliesLoaded (1ms)
			ExecutionOrderSort2 (0ms)
			AwakeInstancesAfterBackupRestoration (45ms)
Platform modules already initialized, skipping
Refreshing native plugins compatible for Editor in 2.44 ms, found 4 plugins.
Preloading 0 native plugins for Editor in 0.00 ms.
Unloading 3668 Unused Serialized files (Serialized files now loaded: 0)
System memory in use before: 141.2 MB.
System memory in use after: 141.3 MB.

Unloading 25 unused Assets to reduce memory usage. Loaded Objects now: 4202.
Total: 14.025000 ms (FindLiveObjects: 1.767800 ms CreateObjectMapping: 0.909300 ms MarkObjects: 10.969100 ms  DeleteObjects: 0.372900 ms)

AssetImportParameters requested are different than current active one (requested -> active):
  custom:framework-win-MediaFoundation: 216162199b28c13a410421893ffa2e32 -> 
  custom:video-decoder-ogg-theora: a1e56fd34408186e4bbccfd4996cb3dc -> 
  custom:container-muxer-webm: aa71ff27fc2769a1b78a27578f13a17b -> 
  custom:container-demuxer-webm: 4f35f7cbe854078d1ac9338744f61a02 -> 
  custom:container-demuxer-ogg: 62fdf1f143b41e24485cea50d1cbac27 -> 
  custom:video-encoder-webm-vp8: eb34c28f22e8b96e1ab97ce403110664 -> 
  custom:video-decoder-webm-vp8: 9c59270c3fd7afecdb556c50c9e8de78 -> 
  custom:audio-decoder-ogg-vorbis: bf7c407c2cedff20999df2af8eb42d56 -> 
  custom:audio-encoder-webm-vorbis: bf7c407c2cedff20999df2af8eb42d56 -> 
========================================================================
Received Prepare
Registering precompiled user dll's ...
Registered in 0.021386 seconds.
Begin MonoManager ReloadAssembly
Symbol file LoadedFromMemory doesn't match image C:\Users\USER AUTORIZED\Pictures\6 semestre\PROGRAMACION\Mmegan Prueba\Library\PackageCache\com.unity.visualscripting@1.6.1\Editor\VisualScripting.Core\Dependencies\YamlDotNet\Unity.VisualScripting.YamlDotNet.dll
Symbol file LoadedFromMemory doesn't match image C:\Users\USER AUTORIZED\Pictures\6 semestre\PROGRAMACION\Mmegan Prueba\Library\PackageCache\com.unity.visualscripting@1.6.1\Editor\VisualScripting.Core\Dependencies\DotNetZip\Unity.VisualScripting.IonicZip.dll
Native extension for WindowsStandalone target not found
Native extension for WebGL target not found
Refreshing native plugins compatible for Editor in 2.71 ms, found 4 plugins.
Preloading 0 native plugins for Editor in 0.00 ms.
Mono: successfully reloaded assembly
- Completed reload, in  4.507 seconds
Domain Reload Profiling:
	ReloadAssembly (4508ms)
		BeginReloadAssembly (392ms)
			ExecutionOrderSort (0ms)
			DisableScriptedObjects (25ms)
			BackupInstance (0ms)
			ReleaseScriptingObjects (0ms)
			CreateAndSetChildDomain (127ms)
		EndReloadAssembly (3863ms)
			LoadAssemblies (381ms)
			RebuildTransferFunctionScriptingTraits (0ms)
			SetupTypeCache (1497ms)
			ReleaseScriptCaches (4ms)
			RebuildScriptCaches (182ms)
			SetupLoadedEditorAssemblies (1240ms)
				LogAssemblyErrors (0ms)
				InitializePlatformSupportModulesInManaged (19ms)
				SetLoadedEditorAssemblies (1ms)
				RefreshPlugins (3ms)
				BeforeProcessingInitializeOnLoad (245ms)
				ProcessInitializeOnLoadAttributes (914ms)
				ProcessInitializeOnLoadMethodAttributes (34ms)
				AfterProcessingInitializeOnLoad (24ms)
				EditorAssembliesLoaded (1ms)
			ExecutionOrderSort2 (0ms)
			AwakeInstancesAfterBackupRestoration (70ms)
Platform modules already initialized, skipping
Refreshing native plugins compatible for Editor in 4.84 ms, found 4 plugins.
Preloading 0 native plugins for Editor in 0.00 ms.
Unloading 3668 Unused Serialized files (Serialized files now loaded: 0)
System memory in use before: 141.2 MB.
System memory in use after: 141.3 MB.

Unloading 25 unused Assets to reduce memory usage. Loaded Objects now: 4206.
Total: 43.967100 ms (FindLiveObjects: 5.213200 ms CreateObjectMapping: 1.206100 ms MarkObjects: 36.982700 ms  DeleteObjects: 0.558900 ms)

AssetImportParameters requested are different than current active one (requested -> active):
  custom:framework-win-MediaFoundation: 216162199b28c13a410421893ffa2e32 -> 
  custom:video-decoder-ogg-theora: a1e56fd34408186e4bbccfd4996cb3dc -> 
  custom:container-muxer-webm: aa71ff27fc2769a1b78a27578f13a17b -> 
  custom:container-demuxer-webm: 4f35f7cbe854078d1ac9338744f61a02 -> 
  custom:container-demuxer-ogg: 62fdf1f143b41e24485cea50d1cbac27 -> 
  custom:video-encoder-webm-vp8: eb34c28f22e8b96e1ab97ce403110664 -> 
  custom:video-decoder-webm-vp8: 9c59270c3fd7afecdb556c50c9e8de78 -> 
  custom:audio-decoder-ogg-vorbis: bf7c407c2cedff20999df2af8eb42d56 -> 
  custom:audio-encoder-webm-vorbis: bf7c407c2cedff20999df2af8eb42d56 -> 
========================================================================
Received Prepare
Registering precompiled user dll's ...
Registered in 0.023814 seconds.
Begin MonoManager ReloadAssembly
Symbol file LoadedFromMemory doesn't match image C:\Users\USER AUTORIZED\Pictures\6 semestre\PROGRAMACION\Mmegan Prueba\Library\PackageCache\com.unity.visualscripting@1.6.1\Editor\VisualScripting.Core\Dependencies\YamlDotNet\Unity.VisualScripting.YamlDotNet.dll
Symbol file LoadedFromMemory doesn't match image C:\Users\USER AUTORIZED\Pictures\6 semestre\PROGRAMACION\Mmegan Prueba\Library\PackageCache\com.unity.visualscripting@1.6.1\Editor\VisualScripting.Core\Dependencies\DotNetZip\Unity.VisualScripting.IonicZip.dll
Native extension for WindowsStandalone target not found
Native extension for WebGL target not found
Refreshing native plugins compatible for Editor in 2.29 ms, found 4 plugins.
Preloading 0 native plugins for Editor in 0.00 ms.
Mono: successfully reloaded assembly
- Completed reload, in  4.044 seconds
Domain Reload Profiling:
	ReloadAssembly (4045ms)
		BeginReloadAssembly (330ms)
			ExecutionOrderSort (0ms)
			DisableScriptedObjects (23ms)
			BackupInstance (0ms)
			ReleaseScriptingObjects (0ms)
			CreateAndSetChildDomain (107ms)
		EndReloadAssembly (3492ms)
			LoadAssemblies (316ms)
			RebuildTransferFunctionScriptingTraits (0ms)
			SetupTypeCache (1414ms)
			ReleaseScriptCaches (6ms)
			RebuildScriptCaches (166ms)
			SetupLoadedEditorAssemblies (1072ms)
				LogAssemblyErrors (0ms)
				InitializePlatformSupportModulesInManaged (18ms)
				SetLoadedEditorAssemblies (1ms)
				RefreshPlugins (3ms)
				BeforeProcessingInitializeOnLoad (219ms)
				ProcessInitializeOnLoadAttributes (782ms)
				ProcessInitializeOnLoadMethodAttributes (28ms)
				AfterProcessingInitializeOnLoad (20ms)
				EditorAssembliesLoaded (1ms)
			ExecutionOrderSort2 (0ms)
			AwakeInstancesAfterBackupRestoration (47ms)
Platform modules already initialized, skipping
Refreshing native plugins compatible for Editor in 2.38 ms, found 4 plugins.
Preloading 0 native plugins for Editor in 0.00 ms.
Unloading 3668 Unused Serialized files (Serialized files now loaded: 0)
System memory in use before: 141.2 MB.
System memory in use after: 141.3 MB.

Unloading 25 unused Assets to reduce memory usage. Loaded Objects now: 4210.
Total: 11.766800 ms (FindLiveObjects: 1.631900 ms CreateObjectMapping: 0.739900 ms MarkObjects: 9.053600 ms  DeleteObjects: 0.335200 ms)

AssetImportParameters requested are different than current active one (requested -> active):
  custom:framework-win-MediaFoundation: 216162199b28c13a410421893ffa2e32 -> 
  custom:video-decoder-ogg-theora: a1e56fd34408186e4bbccfd4996cb3dc -> 
  custom:container-muxer-webm: aa71ff27fc2769a1b78a27578f13a17b -> 
  custom:container-demuxer-webm: 4f35f7cbe854078d1ac9338744f61a02 -> 
  custom:container-demuxer-ogg: 62fdf1f143b41e24485cea50d1cbac27 -> 
  custom:video-encoder-webm-vp8: eb34c28f22e8b96e1ab97ce403110664 -> 
  custom:video-decoder-webm-vp8: 9c59270c3fd7afecdb556c50c9e8de78 -> 
  custom:audio-decoder-ogg-vorbis: bf7c407c2cedff20999df2af8eb42d56 -> 
  custom:audio-encoder-webm-vorbis: bf7c407c2cedff20999df2af8eb42d56 -> 
========================================================================
Received Import Request.
  Time since last request: 2437.783544 seconds.
  path: Assets/prefab/disparo_0.prefab
  artifactKey: Guid(918b7620cf0627549935a3517ca48cc4) Importer(815301076,1909f56bfc062723c751e8b465ee728b)
Start importing Assets/prefab/disparo_0.prefab using Guid(918b7620cf0627549935a3517ca48cc4) Importer(815301076,1909f56bfc062723c751e8b465ee728b)  -> (artifact id: '41482fced3d21125ab3f2e745b0a1b37') in 0.581428 seconds 
========================================================================
Received Prepare
Registering precompiled user dll's ...
Registered in 0.808380 seconds.
Begin MonoManager ReloadAssembly
Symbol file LoadedFromMemory doesn't match image C:\Users\USER AUTORIZED\Pictures\6 semestre\PROGRAMACION\Mmegan Prueba\Library\PackageCache\com.unity.visualscripting@1.6.1\Editor\VisualScripting.Core\Dependencies\YamlDotNet\Unity.VisualScripting.YamlDotNet.dll
Symbol file LoadedFromMemory doesn't match image C:\Users\USER AUTORIZED\Pictures\6 semestre\PROGRAMACION\Mmegan Prueba\Library\PackageCache\com.unity.visualscripting@1.6.1\Editor\VisualScripting.Core\Dependencies\DotNetZip\Unity.VisualScripting.IonicZip.dll
Native extension for WindowsStandalone target not found
Native extension for WebGL target not found
Refreshing native plugins compatible for Editor in 2.34 ms, found 4 plugins.
Preloading 0 native plugins for Editor in 0.00 ms.
Mono: successfully reloaded assembly
- Completed reload, in  6.400 seconds
Domain Reload Profiling:
	ReloadAssembly (6402ms)
		BeginReloadAssembly (470ms)
			ExecutionOrderSort (0ms)
			DisableScriptedObjects (21ms)
			BackupInstance (0ms)
			ReleaseScriptingObjects (1ms)
			CreateAndSetChildDomain (122ms)
		EndReloadAssembly (5618ms)
			LoadAssemblies (1553ms)
			RebuildTransferFunctionScriptingTraits (0ms)
			SetupTypeCache (1764ms)
			ReleaseScriptCaches (4ms)
			RebuildScriptCaches (196ms)
			SetupLoadedEditorAssemblies (1524ms)
				LogAssemblyErrors (0ms)
				InitializePlatformSupportModulesInManaged (61ms)
				SetLoadedEditorAssemblies (2ms)
				RefreshPlugins (3ms)
				BeforeProcessingInitializeOnLoad (291ms)
				ProcessInitializeOnLoadAttributes (1099ms)
				ProcessInitializeOnLoadMethodAttributes (36ms)
				AfterProcessingInitializeOnLoad (32ms)
				EditorAssembliesLoaded (1ms)
			ExecutionOrderSort2 (0ms)
			AwakeInstancesAfterBackupRestoration (67ms)
Platform modules already initialized, skipping
Refreshing native plugins compatible for Editor in 4.47 ms, found 4 plugins.
Preloading 0 native plugins for Editor in 0.00 ms.
Unloading 3668 Unused Serialized files (Serialized files now loaded: 0)
System memory in use before: 141.2 MB.
System memory in use after: 141.3 MB.

Unloading 25 unused Assets to reduce memory usage. Loaded Objects now: 4215.
Total: 16.916000 ms (FindLiveObjects: 5.764700 ms CreateObjectMapping: 1.042700 ms MarkObjects: 9.503900 ms  DeleteObjects: 0.595800 ms)

AssetImportParameters requested are different than current active one (requested -> active):
  custom:framework-win-MediaFoundation: 216162199b28c13a410421893ffa2e32 -> 
  custom:video-decoder-ogg-theora: a1e56fd34408186e4bbccfd4996cb3dc -> 
  custom:container-muxer-webm: aa71ff27fc2769a1b78a27578f13a17b -> 
  custom:container-demuxer-webm: 4f35f7cbe854078d1ac9338744f61a02 -> 
  custom:container-demuxer-ogg: 62fdf1f143b41e24485cea50d1cbac27 -> 
  custom:video-encoder-webm-vp8: eb34c28f22e8b96e1ab97ce403110664 -> 
  custom:video-decoder-webm-vp8: 9c59270c3fd7afecdb556c50c9e8de78 -> 
  custom:audio-decoder-ogg-vorbis: bf7c407c2cedff20999df2af8eb42d56 -> 
  custom:audio-encoder-webm-vorbis: bf7c407c2cedff20999df2af8eb42d56 -> 
========================================================================
Received Prepare
Registering precompiled user dll's ...
Registered in 0.124368 seconds.
Begin MonoManager ReloadAssembly
Symbol file LoadedFromMemory doesn't match image C:\Users\USER AUTORIZED\Pictures\6 semestre\PROGRAMACION\Mmegan Prueba\Library\PackageCache\com.unity.visualscripting@1.6.1\Editor\VisualScripting.Core\Dependencies\YamlDotNet\Unity.VisualScripting.YamlDotNet.dll
Symbol file LoadedFromMemory doesn't match image C:\Users\USER AUTORIZED\Pictures\6 semestre\PROGRAMACION\Mmegan Prueba\Library\PackageCache\com.unity.visualscripting@1.6.1\Editor\VisualScripting.Core\Dependencies\DotNetZip\Unity.VisualScripting.IonicZip.dll
Native extension for WindowsStandalone target not found
Native extension for WebGL target not found
Refreshing native plugins compatible for Editor in 2.25 ms, found 4 plugins.
Preloading 0 native plugins for Editor in 0.00 ms.
Mono: successfully reloaded assembly
- Completed reload, in  5.618 seconds
Domain Reload Profiling:
	ReloadAssembly (5620ms)
		BeginReloadAssembly (836ms)
			ExecutionOrderSort (0ms)
			DisableScriptedObjects (39ms)
			BackupInstance (0ms)
			ReleaseScriptingObjects (2ms)
			CreateAndSetChildDomain (281ms)
		EndReloadAssembly (4362ms)
			LoadAssemblies (757ms)
			RebuildTransferFunctionScriptingTraits (0ms)
			SetupTypeCache (1646ms)
			ReleaseScriptCaches (6ms)
			RebuildScriptCaches (333ms)
			SetupLoadedEditorAssemblies (1178ms)
				LogAssemblyErrors (0ms)
				InitializePlatformSupportModulesInManaged (19ms)
				SetLoadedEditorAssemblies (1ms)
				RefreshPlugins (3ms)
				BeforeProcessingInitializeOnLoad (264ms)
				ProcessInitializeOnLoadAttributes (842ms)
				ProcessInitializeOnLoadMethodAttributes (27ms)
				AfterProcessingInitializeOnLoad (22ms)
				EditorAssembliesLoaded (1ms)
			ExecutionOrderSort2 (0ms)
			AwakeInstancesAfterBackupRestoration (51ms)
Platform modules already initialized, skipping
Refreshing native plugins compatible for Editor in 2.35 ms, found 4 plugins.
Preloading 0 native plugins for Editor in 0.00 ms.
Unloading 3668 Unused Serialized files (Serialized files now loaded: 0)
System memory in use before: 141.2 MB.
System memory in use after: 141.3 MB.

Unloading 25 unused Assets to reduce memory usage. Loaded Objects now: 4219.
Total: 14.183400 ms (FindLiveObjects: 1.948100 ms CreateObjectMapping: 0.903100 ms MarkObjects: 10.905500 ms  DeleteObjects: 0.419500 ms)

AssetImportParameters requested are different than current active one (requested -> active):
  custom:framework-win-MediaFoundation: 216162199b28c13a410421893ffa2e32 -> 
  custom:video-decoder-ogg-theora: a1e56fd34408186e4bbccfd4996cb3dc -> 
  custom:container-muxer-webm: aa71ff27fc2769a1b78a27578f13a17b -> 
  custom:container-demuxer-webm: 4f35f7cbe854078d1ac9338744f61a02 -> 
  custom:container-demuxer-ogg: 62fdf1f143b41e24485cea50d1cbac27 -> 
  custom:video-encoder-webm-vp8: eb34c28f22e8b96e1ab97ce403110664 -> 
  custom:video-decoder-webm-vp8: 9c59270c3fd7afecdb556c50c9e8de78 -> 
  custom:audio-decoder-ogg-vorbis: bf7c407c2cedff20999df2af8eb42d56 -> 
  custom:audio-encoder-webm-vorbis: bf7c407c2cedff20999df2af8eb42d56 -> 
========================================================================
Received Prepare
Registering precompiled user dll's ...
Registered in 0.023100 seconds.
Begin MonoManager ReloadAssembly
Symbol file LoadedFromMemory doesn't match image C:\Users\USER AUTORIZED\Pictures\6 semestre\PROGRAMACION\Mmegan Prueba\Library\PackageCache\com.unity.visualscripting@1.6.1\Editor\VisualScripting.Core\Dependencies\YamlDotNet\Unity.VisualScripting.YamlDotNet.dll
Symbol file LoadedFromMemory doesn't match image C:\Users\USER AUTORIZED\Pictures\6 semestre\PROGRAMACION\Mmegan Prueba\Library\PackageCache\com.unity.visualscripting@1.6.1\Editor\VisualScripting.Core\Dependencies\DotNetZip\Unity.VisualScripting.IonicZip.dll
Native extension for WindowsStandalone target not found
Native extension for WebGL target not found
Refreshing native plugins compatible for Editor in 3.55 ms, found 4 plugins.
Preloading 0 native plugins for Editor in 0.00 ms.
Mono: successfully reloaded assembly
- Completed reload, in  7.490 seconds
Domain Reload Profiling:
	ReloadAssembly (7492ms)
		BeginReloadAssembly (464ms)
			ExecutionOrderSort (0ms)
			DisableScriptedObjects (32ms)
			BackupInstance (0ms)
			ReleaseScriptingObjects (0ms)
			CreateAndSetChildDomain (147ms)
		EndReloadAssembly (6741ms)
			LoadAssemblies (472ms)
			RebuildTransferFunctionScriptingTraits (0ms)
			SetupTypeCache (1841ms)
			ReleaseScriptCaches (4ms)
			RebuildScriptCaches (223ms)
			SetupLoadedEditorAssemblies (3626ms)
				LogAssemblyErrors (0ms)
				InitializePlatformSupportModulesInManaged (34ms)
				SetLoadedEditorAssemblies (6ms)
				RefreshPlugins (4ms)
				BeforeProcessingInitializeOnLoad (1083ms)
				ProcessInitializeOnLoadAttributes (2427ms)
				ProcessInitializeOnLoadMethodAttributes (49ms)
				AfterProcessingInitializeOnLoad (23ms)
				EditorAssembliesLoaded (1ms)
			ExecutionOrderSort2 (0ms)
			AwakeInstancesAfterBackupRestoration (69ms)
Platform modules already initialized, skipping
Refreshing native plugins compatible for Editor in 4.22 ms, found 4 plugins.
Preloading 0 native plugins for Editor in 0.00 ms.
Unloading 3668 Unused Serialized files (Serialized files now loaded: 0)
System memory in use before: 141.2 MB.
System memory in use after: 141.3 MB.

Unloading 25 unused Assets to reduce memory usage. Loaded Objects now: 4223.
Total: 16.746500 ms (FindLiveObjects: 5.377400 ms CreateObjectMapping: 0.927000 ms MarkObjects: 9.951300 ms  DeleteObjects: 0.485100 ms)

AssetImportParameters requested are different than current active one (requested -> active):
  custom:framework-win-MediaFoundation: 216162199b28c13a410421893ffa2e32 -> 
  custom:video-decoder-ogg-theora: a1e56fd34408186e4bbccfd4996cb3dc -> 
  custom:container-muxer-webm: aa71ff27fc2769a1b78a27578f13a17b -> 
  custom:container-demuxer-webm: 4f35f7cbe854078d1ac9338744f61a02 -> 
  custom:container-demuxer-ogg: 62fdf1f143b41e24485cea50d1cbac27 -> 
  custom:video-encoder-webm-vp8: eb34c28f22e8b96e1ab97ce403110664 -> 
  custom:video-decoder-webm-vp8: 9c59270c3fd7afecdb556c50c9e8de78 -> 
  custom:audio-decoder-ogg-vorbis: bf7c407c2cedff20999df2af8eb42d56 -> 
  custom:audio-encoder-webm-vorbis: bf7c407c2cedff20999df2af8eb42d56 -> 
========================================================================
Received Import Request.
  Time since last request: 1345.435638 seconds.
  path: Assets/animate/megaman.controller
  artifactKey: Guid(5aa11ebdbc9c2ae48be5609d773f5f16) Importer(815301076,1909f56bfc062723c751e8b465ee728b)
Start importing Assets/animate/megaman.controller using Guid(5aa11ebdbc9c2ae48be5609d773f5f16) Importer(815301076,1909f56bfc062723c751e8b465ee728b)  -> (artifact id: 'a559a2790f944425fd3944a7a82f2972') in 0.328743 seconds 
========================================================================
Received Prepare
Registering precompiled user dll's ...
Registered in 0.040590 seconds.
Begin MonoManager ReloadAssembly
Symbol file LoadedFromMemory doesn't match image C:\Users\USER AUTORIZED\Pictures\6 semestre\PROGRAMACION\Mmegan Prueba\Library\PackageCache\com.unity.visualscripting@1.6.1\Editor\VisualScripting.Core\Dependencies\YamlDotNet\Unity.VisualScripting.YamlDotNet.dll
Symbol file LoadedFromMemory doesn't match image C:\Users\USER AUTORIZED\Pictures\6 semestre\PROGRAMACION\Mmegan Prueba\Library\PackageCache\com.unity.visualscripting@1.6.1\Editor\VisualScripting.Core\Dependencies\DotNetZip\Unity.VisualScripting.IonicZip.dll
Native extension for WindowsStandalone target not found
Native extension for WebGL target not found
Refreshing native plugins compatible for Editor in 2.51 ms, found 4 plugins.
Preloading 0 native plugins for Editor in 0.00 ms.
Mono: successfully reloaded assembly
- Completed reload, in  5.959 seconds
Domain Reload Profiling:
	ReloadAssembly (5960ms)
		BeginReloadAssembly (712ms)
			ExecutionOrderSort (0ms)
			DisableScriptedObjects (87ms)
			BackupInstance (0ms)
			ReleaseScriptingObjects (0ms)
			CreateAndSetChildDomain (223ms)
		EndReloadAssembly (4861ms)
			LoadAssemblies (786ms)
			RebuildTransferFunctionScriptingTraits (0ms)
			SetupTypeCache (2222ms)
			ReleaseScriptCaches (4ms)
			RebuildScriptCaches (191ms)
			SetupLoadedEditorAssemblies (1286ms)
				LogAssemblyErrors (0ms)
				InitializePlatformSupportModulesInManaged (23ms)
				SetLoadedEditorAssemblies (2ms)
				RefreshPlugins (3ms)
				BeforeProcessingInitializeOnLoad (277ms)
				ProcessInitializeOnLoadAttributes (920ms)
				ProcessInitializeOnLoadMethodAttributes (31ms)
				AfterProcessingInitializeOnLoad (29ms)
				EditorAssembliesLoaded (1ms)
			ExecutionOrderSort2 (0ms)
			AwakeInstancesAfterBackupRestoration (58ms)
Platform modules already initialized, skipping
Refreshing native plugins compatible for Editor in 2.84 ms, found 4 plugins.
Preloading 0 native plugins for Editor in 0.00 ms.
Unloading 3668 Unused Serialized files (Serialized files now loaded: 0)
System memory in use before: 141.2 MB.
System memory in use after: 141.3 MB.

Unloading 25 unused Assets to reduce memory usage. Loaded Objects now: 4227.
Total: 16.359800 ms (FindLiveObjects: 1.664500 ms CreateObjectMapping: 0.861200 ms MarkObjects: 13.480900 ms  DeleteObjects: 0.347600 ms)

AssetImportParameters requested are different than current active one (requested -> active):
  custom:framework-win-MediaFoundation: 216162199b28c13a410421893ffa2e32 -> 
  custom:video-decoder-ogg-theora: a1e56fd34408186e4bbccfd4996cb3dc -> 
  custom:container-muxer-webm: aa71ff27fc2769a1b78a27578f13a17b -> 
  custom:container-demuxer-webm: 4f35f7cbe854078d1ac9338744f61a02 -> 
  custom:container-demuxer-ogg: 62fdf1f143b41e24485cea50d1cbac27 -> 
  custom:video-encoder-webm-vp8: eb34c28f22e8b96e1ab97ce403110664 -> 
  custom:video-decoder-webm-vp8: 9c59270c3fd7afecdb556c50c9e8de78 -> 
  custom:audio-decoder-ogg-vorbis: bf7c407c2cedff20999df2af8eb42d56 -> 
  custom:audio-encoder-webm-vorbis: bf7c407c2cedff20999df2af8eb42d56 -> 
AssetImportWorkerClient::OnTransportError - code=2 error=End of file
